#
# A fatal error has been detected by the Java Runtime Environment:
#
#  EXCEPTION_ACCESS_VIOLATION (0xc0000005) at pc=0x00000000502482b5, pid=6476, tid=5976
#
# JRE version: Java(TM) SE Runtime Environment (8.0_45-b15) (build 1.8.0_45-b15)
# Java VM: Java HotSpot(TM) 64-Bit Server VM (25.45-b02 mixed mode windows-amd64 compressed oops)
# Problematic frame:
# V  [jvm.dll+0x1282b5]
#
# Failed to write core dump. Minidumps are not enabled by default on client versions of Windows
#
# If you would like to submit a bug report, please visit:
#   http://bugreport.java.com/bugreport/crash.jsp
#

---------------  T H R E A D  ---------------

Current thread (0x0000000017716800):  JavaThread "JDWP Transport Listener: dt_socket" daemon [_thread_in_vm, id=5976, stack(0x0000000017e60000,0x0000000017f60000)]

siginfo: ExceptionCode=0xc0000005, reading address 0x0000000000000001

Registers:
RAX=0x0000000017f5f301, RBX=0x0000000017716800, RCX=0x0000000000000001, RDX=0x0000000000000000
RSP=0x0000000017f5f3a0, RBP=0x0000000000000001, RSI=0x0000000017f5f4b8, RDI=0x0000000002238bf0
R8 =0x0000000017716800, R9 =0x000000000000ff00, R10=0x0000000000000000, R11=0x6f6c3f0b000e000c
R12=0x0000000000000000, R13=0x000000001771d408, R14=0x0000000000000000, R15=0x0000000000000000
RIP=0x00000000502482b5, EFLAGS=0x0000000000010202

Top of Stack: (sp=0x0000000017f5f3a0)
0x0000000017f5f3a0:   0000000017716800 0000000017716800
0x0000000017f5f3b0:   0000000017f5f468 000000005044c7db
0x0000000017f5f3c0:   0000000017716800 000000005046903d
0x0000000017f5f3d0:   0000000000000000 00000000545b9155
0x0000000017f5f3e0:   0000000017882d28 00000000545c291e
0x0000000017f5f3f0:   0000000017716800 0000000000000000
0x0000000017f5f400:   0000000000000000 0000000000000000
0x0000000017f5f410:   0000000000000001 00000000545c1a15
0x0000000017f5f420:   0000000017f5f4b8 0000000017f5f490
0x0000000017f5f430:   0000000000000001 0000000017882d28
0x0000000017f5f440:   0000000000000001 00000000545a53b3
0x0000000017f5f450:   0000000017f5f580 0000000000000001
0x0000000017f5f460:   0000000000000001 0000000017882d28
0x0000000017f5f470:   0000000000000009 0000000000000000
0x0000000017f5f480:   0000000000000000 0000000000000000
0x0000000017f5f490:   0000000000000001 00000000545a5571 

Instructions: (pc=0x00000000502482b5)
0x0000000050248295:   cc cc cc cc cc cc cc cc cc cc cc 48 83 ec 28 48
0x00000000502482a5:   85 c9 75 07 33 c0 48 83 c4 28 c3 48 89 5c 24 20
0x00000000502482b5:   48 8b 19 48 85 db 74 20 48 83 fb 37 74 1a 48 8b
0x00000000502482c5:   13 48 8b cb ff 52 10 84 c0 74 0d 48 8b c3 48 8b 


Register to memory mapping:

RAX=0x0000000017f5f301 is pointing into the stack for thread: 0x0000000017716800
RBX=0x0000000017716800 is a thread
RCX=0x0000000000000001 is an unknown value
RDX=0x0000000000000000 is an unknown value
RSP=0x0000000017f5f3a0 is pointing into the stack for thread: 0x0000000017716800
RBP=0x0000000000000001 is an unknown value
RSI=0x0000000017f5f4b8 is pointing into the stack for thread: 0x0000000017716800
RDI=0x0000000002238bf0 is an unknown value
R8 =0x0000000017716800 is a thread
R9 =0x000000000000ff00 is an unknown value
R10=0x0000000000000000 is an unknown value
R11=0x6f6c3f0b000e000c is an unknown value
R12=0x0000000000000000 is an unknown value
R13=0x000000001771d408 is an unknown value
R14=0x0000000000000000 is an unknown value
R15=0x0000000000000000 is an unknown value


Stack: [0x0000000017e60000,0x0000000017f60000],  sp=0x0000000017f5f3a0,  free space=1020k
Native frames: (J=compiled Java code, j=interpreted, Vv=VM code, C=native code)
V  [jvm.dll+0x1282b5]
V  [jvm.dll+0x34903d]
C  [jdwp.dll+0x21a15]
C  [jdwp.dll+0x53b3]
C  [jdwp.dll+0x5571]
C  [jdwp.dll+0xf0a8]
C  [jdwp.dll+0x1f2d5]
C  [jdwp.dll+0x1f4aa]
V  [jvm.dll+0x1bae98]
V  [jvm.dll+0x241984]
V  [jvm.dll+0x29853a]
C  [msvcr100.dll+0x21d9f]
C  [msvcr100.dll+0x21e3b]
C  [kernel32.dll+0x15a4d]
C  [ntdll.dll+0x2b831]


---------------  P R O C E S S  ---------------

Java Threads: ( => current thread )
  0x0000000018e67000 JavaThread "vert.x-worker-thread-6" [_thread_blocked, id=4920, stack(0x000000001cc80000,0x000000001cd80000)]
  0x00000000199d8800 JavaThread "vert.x-worker-thread-5" [_thread_blocked, id=1076, stack(0x000000001cb00000,0x000000001cc00000)]
  0x0000000019c29000 JavaThread "threadDeathWatcher-2-1" daemon [_thread_blocked, id=6968, stack(0x0000000018080000,0x0000000018180000)]
  0x000000000208a000 JavaThread "DestroyJavaVM" [_thread_blocked, id=6124, stack(0x0000000002500000,0x0000000002600000)]
  0x0000000019e46000 JavaThread "vert.x-eventloop-thread-1" [_thread_blocked, id=860, stack(0x000000001b6f0000,0x000000001b7f0000)]
  0x000000001993b800 JavaThread "vert.x-worker-thread-4" [_thread_blocked, id=4808, stack(0x0000000019490000,0x0000000019590000)]
  0x0000000019945800 JavaThread "vert.x-worker-thread-3" [_thread_blocked, id=932, stack(0x000000001b300000,0x000000001b400000)]
  0x0000000019bc8000 JavaThread "vert.x-worker-thread-2" [_thread_blocked, id=1176, stack(0x000000001b140000,0x000000001b240000)]
  0x0000000019222800 JavaThread "vert.x-worker-thread-1" [_thread_blocked, id=6912, stack(0x000000001a830000,0x000000001a930000)]
  0x0000000019058800 JavaThread "vert.x-worker-thread-0" [_thread_blocked, id=4652, stack(0x000000001a6a0000,0x000000001a7a0000)]
  0x0000000018dae000 JavaThread "vertx-blocked-thread-checker" daemon [_thread_blocked, id=3204, stack(0x0000000019590000,0x0000000019690000)]
  0x00000000177a0000 JavaThread "Service Thread" daemon [_thread_blocked, id=5640, stack(0x0000000018990000,0x0000000018a90000)]
  0x000000001775c800 JavaThread "C1 CompilerThread2" daemon [_thread_blocked, id=6360, stack(0x0000000018650000,0x0000000018750000)]
  0x000000001773d800 JavaThread "C2 CompilerThread1" daemon [_thread_blocked, id=3064, stack(0x0000000018770000,0x0000000018870000)]
  0x0000000017731000 JavaThread "C2 CompilerThread0" daemon [_thread_blocked, id=4376, stack(0x0000000018550000,0x0000000018650000)]
  0x0000000017726000 JavaThread "JDWP Command Reader" daemon [_thread_in_native, id=460, stack(0x0000000018290000,0x0000000018390000)]
  0x0000000017722800 JavaThread "JDWP Event Helper Thread" daemon [_thread_blocked, id=1140, stack(0x00000000183b0000,0x00000000184b0000)]
=>0x0000000017716800 JavaThread "JDWP Transport Listener: dt_socket" daemon [_thread_in_vm, id=5976, stack(0x0000000017e60000,0x0000000017f60000)]
  0x00000000163dc000 JavaThread "Attach Listener" daemon [_thread_blocked, id=2328, stack(0x0000000017bd0000,0x0000000017cd0000)]
  0x00000000163da800 JavaThread "Signal Dispatcher" daemon [_thread_blocked, id=3384, stack(0x00000000173d0000,0x00000000174d0000)]
  0x000000001637e800 JavaThread "Finalizer" daemon [_thread_blocked, id=6792, stack(0x0000000017610000,0x0000000017710000)]
  0x0000000016377800 JavaThread "Reference Handler" daemon [_thread_blocked, id=6880, stack(0x00000000174d0000,0x00000000175d0000)]

Other Threads:
  0x0000000016370800 VMThread [stack: 0x00000000172a0000,0x00000000173a0000] [id=5912]
  0x00000000177c2000 WatcherThread [stack: 0x0000000018b60000,0x0000000018c60000] [id=5308]

VM state:not at safepoint (normal execution)

VM Mutex/Monitor currently owned by a thread: None

Heap:
 PSYoungGen      total 53248K, used 21395K [0x00000000e0380000, 0x00000000e6b80000, 0x0000000100000000)
  eden space 49152K, 43% used [0x00000000e0380000,0x00000000e1864ee0,0x00000000e3380000)
  from space 4096K, 0% used [0x00000000e3380000,0x00000000e3380000,0x00000000e3780000)
  to   space 4096K, 0% used [0x00000000e6780000,0x00000000e6780000,0x00000000e6b80000)
 ParOldGen       total 42496K, used 6265K [0x00000000a0a00000, 0x00000000a3380000, 0x00000000e0380000)
  object space 42496K, 14% used [0x00000000a0a00000,0x00000000a101e4b0,0x00000000a3380000)
 Metaspace       used 22746K, capacity 23156K, committed 23296K, reserved 1069056K
  class space    used 2668K, capacity 2803K, committed 2816K, reserved 1048576K

Card table byte_map: [0x0000000011c90000,0x0000000011f90000] byte_map_base: 0x000000001178b000

Marking Bits: (ParMarkBitMap*) 0x0000000050924040
 Begin Bits: [0x0000000012730000, 0x0000000013f08000)
 End Bits:   [0x0000000013f08000, 0x00000000156e0000)

Polling page: 0x0000000000220000

CodeCache: size=245760Kb used=5174Kb max_used=5272Kb free=240585Kb
 bounds [0x00000000028d0000, 0x0000000002e20000, 0x00000000118d0000]
 total_blobs=1861 nmethods=1459 adapters=323
 compilation: enabled

Compilation events (10 events):
Event: 88.379 Thread 0x000000001775c800 1632       3       java.util.Formatter$FormatSpecifier::printString (105 bytes)
Event: 88.381 Thread 0x000000001775c800 nmethod 1632 0x0000000002a04ad0 code [0x0000000002a04dc0, 0x0000000002a061b8]
Event: 88.381 Thread 0x000000001775c800 1633       3       java.util.Formatter$FormatSpecifier::print (66 bytes)
Event: 88.382 Thread 0x000000001775c800 nmethod 1633 0x0000000002a5d950 code [0x0000000002a5db20, 0x0000000002a5e318]
Event: 88.382 Thread 0x000000001775c800 1631       3       java.util.Formatter$Conversion::isFloat (72 bytes)
Event: 88.382 Thread 0x000000001775c800 nmethod 1631 0x0000000002b17290 code [0x0000000002b173e0, 0x0000000002b17570]
Event: 95.379 Thread 0x000000001775c800 1634  s    3       java.io.BufferedOutputStream::write (67 bytes)
Event: 95.380 Thread 0x000000001775c800 nmethod 1634 0x0000000002a1d790 code [0x0000000002a1d960, 0x0000000002a1e1b8]
Event: 96.379 Thread 0x000000001775c800 1635       1       io.vertx.core.impl.VertxThread::startTime (5 bytes)
Event: 96.379 Thread 0x000000001775c800 nmethod 1635 0x0000000002d50a10 code [0x0000000002d50b60, 0x0000000002d50c70]

GC Heap History (8 events):
Event: 0.746 GC heap before
{Heap before GC invocations=1 (full 0):
 PSYoungGen      total 28672K, used 24576K [0x00000000e0380000, 0x00000000e2380000, 0x0000000100000000)
  eden space 24576K, 100% used [0x00000000e0380000,0x00000000e1b80000,0x00000000e1b80000)
  from space 4096K, 0% used [0x00000000e1f80000,0x00000000e1f80000,0x00000000e2380000)
  to   space 4096K, 0% used [0x00000000e1b80000,0x00000000e1b80000,0x00000000e1f80000)
 ParOldGen       total 65536K, used 0K [0x00000000a0a00000, 0x00000000a4a00000, 0x00000000e0380000)
  object space 65536K, 0% used [0x00000000a0a00000,0x00000000a0a00000,0x00000000a4a00000)
 Metaspace       used 10630K, capacity 10848K, committed 11136K, reserved 1058816K
  class space    used 1249K, capacity 1324K, committed 1408K, reserved 1048576K
Event: 0.757 GC heap after
Heap after GC invocations=1 (full 0):
 PSYoungGen      total 28672K, used 4064K [0x00000000e0380000, 0x00000000e3b80000, 0x0000000100000000)
  eden space 24576K, 0% used [0x00000000e0380000,0x00000000e0380000,0x00000000e1b80000)
  from space 4096K, 99% used [0x00000000e1b80000,0x00000000e1f78118,0x00000000e1f80000)
  to   space 4096K, 0% used [0x00000000e3780000,0x00000000e3780000,0x00000000e3b80000)
 ParOldGen       total 65536K, used 774K [0x00000000a0a00000, 0x00000000a4a00000, 0x00000000e0380000)
  object space 65536K, 1% used [0x00000000a0a00000,0x00000000a0ac1bf8,0x00000000a4a00000)
 Metaspace       used 10630K, capacity 10848K, committed 11136K, reserved 1058816K
  class space    used 1249K, capacity 1324K, committed 1408K, reserved 1048576K
}
Event: 1.124 GC heap before
{Heap before GC invocations=2 (full 0):
 PSYoungGen      total 28672K, used 28640K [0x00000000e0380000, 0x00000000e3b80000, 0x0000000100000000)
  eden space 24576K, 100% used [0x00000000e0380000,0x00000000e1b80000,0x00000000e1b80000)
  from space 4096K, 99% used [0x00000000e1b80000,0x00000000e1f78118,0x00000000e1f80000)
  to   space 4096K, 0% used [0x00000000e3780000,0x00000000e3780000,0x00000000e3b80000)
 ParOldGen       total 65536K, used 774K [0x00000000a0a00000, 0x00000000a4a00000, 0x00000000e0380000)
  object space 65536K, 1% used [0x00000000a0a00000,0x00000000a0ac1bf8,0x00000000a4a00000)
 Metaspace       used 17038K, capacity 17222K, committed 17408K, reserved 1064960K
  class space    used 1950K, capacity 1997K, committed 2048K, reserved 1048576K
Event: 1.129 GC heap after
Heap after GC invocations=2 (full 0):
 PSYoungGen      total 53248K, used 4069K [0x00000000e0380000, 0x00000000e3b80000, 0x0000000100000000)
  eden space 49152K, 0% used [0x00000000e0380000,0x00000000e0380000,0x00000000e3380000)
  from space 4096K, 99% used [0x00000000e3780000,0x00000000e3b794c0,0x00000000e3b80000)
  to   space 4096K, 0% used [0x00000000e3380000,0x00000000e3380000,0x00000000e3780000)
 ParOldGen       total 65536K, used 2965K [0x00000000a0a00000, 0x00000000a4a00000, 0x00000000e0380000)
  object space 65536K, 4% used [0x00000000a0a00000,0x00000000a0ce5478,0x00000000a4a00000)
 Metaspace       used 17038K, capacity 17222K, committed 17408K, reserved 1064960K
  class space    used 1950K, capacity 1997K, committed 2048K, reserved 1048576K
}
Event: 3.539 GC heap before
{Heap before GC invocations=3 (full 0):
 PSYoungGen      total 53248K, used 23824K [0x00000000e0380000, 0x00000000e3b80000, 0x0000000100000000)
  eden space 49152K, 40% used [0x00000000e0380000,0x00000000e16caea8,0x00000000e3380000)
  from space 4096K, 99% used [0x00000000e3780000,0x00000000e3b794c0,0x00000000e3b80000)
  to   space 4096K, 0% used [0x00000000e3380000,0x00000000e3380000,0x00000000e3780000)
 ParOldGen       total 65536K, used 2965K [0x00000000a0a00000, 0x00000000a4a00000, 0x00000000e0380000)
  object space 65536K, 4% used [0x00000000a0a00000,0x00000000a0ce5478,0x00000000a4a00000)
 Metaspace       used 20760K, capacity 21072K, committed 21248K, reserved 1069056K
  class space    used 2417K, capacity 2523K, committed 2560K, reserved 1048576K
Event: 3.568 GC heap after
Heap after GC invocations=3 (full 0):
 PSYoungGen      total 53248K, used 4085K [0x00000000e0380000, 0x00000000e6b80000, 0x0000000100000000)
  eden space 49152K, 0% used [0x00000000e0380000,0x00000000e0380000,0x00000000e3380000)
  from space 4096K, 99% used [0x00000000e3380000,0x00000000e377d7e0,0x00000000e3780000)
  to   space 4096K, 0% used [0x00000000e6780000,0x00000000e6780000,0x00000000e6b80000)
 ParOldGen       total 65536K, used 5236K [0x00000000a0a00000, 0x00000000a4a00000, 0x00000000e0380000)
  object space 65536K, 7% used [0x00000000a0a00000,0x00000000a0f1d108,0x00000000a4a00000)
 Metaspace       used 20760K, capacity 21072K, committed 21248K, reserved 1069056K
  class space    used 2417K, capacity 2523K, committed 2560K, reserved 1048576K
}
Event: 3.568 GC heap before
{Heap before GC invocations=4 (full 1):
 PSYoungGen      total 53248K, used 4085K [0x00000000e0380000, 0x00000000e6b80000, 0x0000000100000000)
  eden space 49152K, 0% used [0x00000000e0380000,0x00000000e0380000,0x00000000e3380000)
  from space 4096K, 99% used [0x00000000e3380000,0x00000000e377d7e0,0x00000000e3780000)
  to   space 4096K, 0% used [0x00000000e6780000,0x00000000e6780000,0x00000000e6b80000)
 ParOldGen       total 65536K, used 5236K [0x00000000a0a00000, 0x00000000a4a00000, 0x00000000e0380000)
  object space 65536K, 7% used [0x00000000a0a00000,0x00000000a0f1d108,0x00000000a4a00000)
 Metaspace       used 20760K, capacity 21072K, committed 21248K, reserved 1069056K
  class space    used 2417K, capacity 2523K, committed 2560K, reserved 1048576K
Event: 3.590 GC heap after
Heap after GC invocations=4 (full 1):
 PSYoungGen      total 53248K, used 0K [0x00000000e0380000, 0x00000000e6b80000, 0x0000000100000000)
  eden space 49152K, 0% used [0x00000000e0380000,0x00000000e0380000,0x00000000e3380000)
  from space 4096K, 0% used [0x00000000e3380000,0x00000000e3380000,0x00000000e3780000)
  to   space 4096K, 0% used [0x00000000e6780000,0x00000000e6780000,0x00000000e6b80000)
 ParOldGen       total 42496K, used 6265K [0x00000000a0a00000, 0x00000000a3380000, 0x00000000e0380000)
  object space 42496K, 14% used [0x00000000a0a00000,0x00000000a101e4b0,0x00000000a3380000)
 Metaspace       used 20750K, capacity 21042K, committed 21248K, reserved 1069056K
  class space    used 2413K, capacity 2516K, committed 2560K, reserved 1048576K
}

Deoptimization events (10 events):
Event: 1.231 Thread 0x0000000019bc8000 Uncommon trap: reason=bimorphic action=maybe_recompile pc=0x0000000002cca3bc method=java.util.HashMap.putVal(ILjava/lang/Object;Ljava/lang/Object;ZZ)Ljava/lang/Object; @ 203
Event: 1.231 Thread 0x0000000019bc8000 Uncommon trap: reason=bimorphic action=maybe_recompile pc=0x0000000002cca3bc method=java.util.HashMap.putVal(ILjava/lang/Object;Ljava/lang/Object;ZZ)Ljava/lang/Object; @ 203
Event: 1.232 Thread 0x0000000019bc8000 Uncommon trap: reason=bimorphic action=maybe_recompile pc=0x0000000002cca3bc method=java.util.HashMap.putVal(ILjava/lang/Object;Ljava/lang/Object;ZZ)Ljava/lang/Object; @ 203
Event: 1.234 Thread 0x0000000019bc8000 Uncommon trap: reason=bimorphic action=maybe_recompile pc=0x0000000002cca3bc method=java.util.HashMap.putVal(ILjava/lang/Object;Ljava/lang/Object;ZZ)Ljava/lang/Object; @ 203
Event: 1.312 Thread 0x0000000019945800 Uncommon trap: reason=unstable_if action=reinterpret pc=0x0000000002d06dd8 method=java.util.concurrent.ConcurrentHashMap.putVal(Ljava/lang/Object;Ljava/lang/Object;Z)Ljava/lang/Object; @ 98
Event: 4.078 Thread 0x0000000019222800 Uncommon trap: reason=unstable_if action=reinterpret pc=0x0000000002cdd1bc method=java.lang.String.regionMatches(ZILjava/lang/String;II)Z @ 123
Event: 4.080 Thread 0x0000000019058800 Uncommon trap: reason=unstable_if action=reinterpret pc=0x0000000002d51264 method=java.lang.String.regionMatches(ZILjava/lang/String;II)Z @ 123
Event: 5.294 Thread 0x0000000019e46000 Uncommon trap: reason=range_check action=none pc=0x0000000002c9851c method=sun.reflect.generics.parser.SignatureParser.current()C @ 34
Event: 5.294 Thread 0x0000000019e46000 Uncommon trap: reason=range_check action=none pc=0x0000000002c9851c method=sun.reflect.generics.parser.SignatureParser.current()C @ 34
Event: 5.386 Thread 0x0000000019e46000 Uncommon trap: reason=unstable_if action=reinterpret pc=0x0000000002cc1d70 method=java.util.HashMap.hash(Ljava/lang/Object;)I @ 1

Internal exceptions (10 events):
Event: 0.997 Thread 0x000000000208a000 Exception <a 'java/lang/ClassNotFoundException': com/citi/ocean/restapi/datasource/base/TableSchemaRegistryBeanInfo> (0x00000000e10c5258) thrown at [C:\re\workspace\8-2-build-windows-amd64-cygwin\jdk8u45\3627\hotspot\src\share\vm\classfile\systemDictionary“mWèï?
Event: 0.997 Thread 0x000000000208a000 Exception <a 'java/lang/ClassNotFoundException': com/citi/ocean/restapi/datasource/base/TableSchemaRegistryCustomizer> (0x00000000e10d3f20) thrown at [C:\re\workspace\8-2-build-windows-amd64-cygwin\jdk8u45\3627\hotspot\src\share\vm\classfile\systemDictionao§´I´éï?
Event: 0.997 Thread 0x000000000208a000 Exception <a 'java/lang/ArrayIndexOutOfBoundsException': 73> (0x00000000e10d6260) thrown at [C:\re\workspace\8-2-build-windows-amd64-cygwin\jdk8u45\3627\hotspot\src\share\vm\interpreter\interpreterRuntime.cpp, line 366]
Event: 0.997 Thread 0x000000000208a000 Exception <a 'java/lang/ArrayIndexOutOfBoundsException': 67> (0x00000000e10d7448) thrown at [C:\re\workspace\8-2-build-windows-amd64-cygwin\jdk8u45\3627\hotspot\src\share\vm\interpreter\interpreterRuntime.cpp, line 366]
Event: 0.998 Thread 0x000000000208a000 Exception <a 'java/lang/ArrayIndexOutOfBoundsException': 65> (0x00000000e10e58e0) thrown at [C:\re\workspace\8-2-build-windows-amd64-cygwin\jdk8u45\3627\hotspot\src\share\vm\interpreter\interpreterRuntime.cpp, line 366]
Event: 1.003 Thread 0x000000000208a000 Exception <a 'java/lang/ClassNotFoundException': com/citi/ocean/restapi/datasource/base/SolrConfigBeanInfo> (0x00000000e1114698) thrown at [C:\re\workspace\8-2-build-windows-amd64-cygwin\jdk8u45\3627\hotspot\src\share\vm\classfile\systemDictionary.cpp, lin
Event: 1.003 Thread 0x000000000208a000 Exception <a 'java/lang/ClassNotFoundException': com/citi/ocean/restapi/datasource/base/SolrConfigCustomizer> (0x00000000e1122158) thrown at [C:\re\workspace\8-2-build-windows-amd64-cygwin\jdk8u45\3627\hotspot\src\share\vm\classfile\systemDictionary.cpp, l^‡4¤,@
Event: 5.294 Thread 0x0000000019e46000 Exception <a 'java/lang/ArrayIndexOutOfBoundsException': 70> (0x00000000e0566f58) thrown at [C:\re\workspace\8-2-build-windows-amd64-cygwin\jdk8u45\3627\hotspot\src\share\vm\interpreter\interpreterRuntime.cpp, line 366]
Event: 5.294 Thread 0x0000000019e46000 Exception <a 'java/lang/ArrayIndexOutOfBoundsException': 114> (0x00000000e05684d0) thrown at [C:\re\workspace\8-2-build-windows-amd64-cygwin\jdk8u45\3627\hotspot\src\share\vm\interpreter\interpreterRuntime.cpp, line 366]
Event: 5.386 Thread 0x0000000019e46000 Implicit null exception at 0x0000000002cc1cd8 to 0x0000000002cc1d66

Events (10 events):
Event: 96.488 Executing VM operation: GetCurrentLocation
Event: 96.488 Executing VM operation: GetCurrentLocation done
Event: 96.488 Executing VM operation: EnterInterpOnlyMode
Event: 96.488 Executing VM operation: EnterInterpOnlyMode done
Event: 96.488 Executing VM operation: ChangeSingleStep
Event: 96.488 Executing VM operation: ChangeSingleStep done
Event: 96.489 Executing VM operation: ChangeSingleStep
Event: 96.489 Executing VM operation: ChangeSingleStep done
Event: 96.504 Executing VM operation: RedefineClasses
Event: 96.520 Executing VM operation: RedefineClasses done


Dynamic libraries:
0x000000013f0f0000 - 0x000000013f127000 	C:\1.8.0_45w64\bin\javaw.exe
0x0000000077720000 - 0x00000000778c9000 	C:\Windows\SYSTEM32\ntdll.dll
0x0000000077500000 - 0x000000007761f000 	C:\Windows\system32\kernel32.dll
0x000007fefd670000 - 0x000007fefd6dc000 	C:\Windows\system32\KERNELBASE.dll
0x000007fefddb0000 - 0x000007fefde8b000 	C:\Windows\system32\ADVAPI32.dll
0x000007fefe380000 - 0x000007fefe41f000 	C:\Windows\system32\msvcrt.dll
0x000007fefe6f0000 - 0x000007fefe70f000 	C:\Windows\SYSTEM32\sechost.dll
0x000007feff900000 - 0x000007feffa2d000 	C:\Windows\system32\RPCRT4.dll
0x0000000077620000 - 0x000000007771a000 	C:\Windows\system32\USER32.dll
0x000007fefdb20000 - 0x000007fefdb87000 	C:\Windows\system32\GDI32.dll
0x000007fefe070000 - 0x000007fefe07e000 	C:\Windows\system32\LPK.dll
0x000007feff830000 - 0x000007feff8f9000 	C:\Windows\system32\USP10.dll
0x000007fefbe20000 - 0x000007fefc014000 	C:\Windows\WinSxS\amd64_microsoft.windows.common-controls_6595b64144ccf1df_6.0.7601.18837_none_fa3b1e3d17594757\COMCTL32.dll
0x000007fefdcb0000 - 0x000007fefdd21000 	C:\Windows\system32\SHLWAPI.dll
0x000007fefd890000 - 0x000007fefd8be000 	C:\Windows\system32\IMM32.DLL
0x000007fefe090000 - 0x000007fefe199000 	C:\Windows\system32\MSCTF.dll
0x0000000077c60000 - 0x0000000077d32000 	C:\1.8.0_45w64\jre\bin\msvcr100.dll
0x0000000050120000 - 0x00000000509a3000 	C:\1.8.0_45w64\jre\bin\server\jvm.dll
0x000007fef95a0000 - 0x000007fef95a9000 	C:\Windows\system32\WSOCK32.dll
0x000007fefe330000 - 0x000007fefe37d000 	C:\Windows\system32\WS2_32.dll
0x000007fefe080000 - 0x000007fefe088000 	C:\Windows\system32\NSI.dll
0x000007fefb810000 - 0x000007fefb84b000 	C:\Windows\system32\WINMM.dll
0x000007fefc560000 - 0x000007fefc56c000 	C:\Windows\system32\VERSION.dll
0x00000000778e0000 - 0x00000000778e7000 	C:\Windows\system32\PSAPI.DLL
0x00000000751c0000 - 0x00000000751cf000 	C:\1.8.0_45w64\jre\bin\verify.dll
0x000000006de70000 - 0x000000006de99000 	C:\1.8.0_45w64\jre\bin\java.dll
0x00000000545a0000 - 0x00000000545d5000 	C:\1.8.0_45w64\jre\bin\jdwp.dll
0x000000006f2e0000 - 0x000000006f2e8000 	C:\1.8.0_45w64\jre\bin\npt.dll
0x000000006de00000 - 0x000000006de16000 	C:\1.8.0_45w64\jre\bin\zip.dll
0x000007fefe710000 - 0x000007feff499000 	C:\Windows\system32\SHELL32.dll
0x000007feff580000 - 0x000007feff783000 	C:\Windows\system32\ole32.dll
0x000007fefd4e0000 - 0x000007fefd4ef000 	C:\Windows\system32\profapi.dll
0x000000005b920000 - 0x000000005b929000 	C:\1.8.0_45w64\jre\bin\dt_socket.dll
0x000007fefc080000 - 0x000007fefc095000 	C:\Windows\system32\NLAapi.dll
0x000007fef95e0000 - 0x000007fef95f5000 	C:\Windows\system32\napinsp.dll
0x000007fef9600000 - 0x000007fef9619000 	C:\Windows\system32\pnrpnsp.dll
0x000007fefcc70000 - 0x000007fefccc5000 	C:\Windows\System32\mswsock.dll
0x000007fefcaf0000 - 0x000007fefcb4b000 	C:\Windows\system32\DNSAPI.dll
0x000007fef95d0000 - 0x000007fef95db000 	C:\Windows\System32\winrnr.dll
0x000007fefa230000 - 0x000007fefa257000 	C:\Windows\system32\IPHLPAPI.DLL
0x000007fefa210000 - 0x000007fefa21b000 	C:\Windows\system32\WINNSI.DLL
0x000007fefa0a0000 - 0x000007fefa0f3000 	C:\Windows\System32\fwpuclnt.dll
0x000007fef9620000 - 0x000007fef9628000 	C:\Windows\system32\rasadhlp.dll
0x000007fefc680000 - 0x000007fefc687000 	C:\Windows\System32\wshtcpip.dll
0x0000000069bf0000 - 0x0000000069c0a000 	C:\1.8.0_45w64\jre\bin\net.dll
0x000007fefcc60000 - 0x000007fefcc67000 	C:\Windows\System32\wship6.dll
0x00000000645e0000 - 0x00000000645f1000 	C:\1.8.0_45w64\jre\bin\nio.dll
0x000007fefccd0000 - 0x000007fefcce7000 	C:\Windows\system32\CRYPTSP.dll
0x000007fefc9d0000 - 0x000007fefca17000 	C:\Windows\system32\rsaenh.dll
0x000007fefd870000 - 0x000007fefd88e000 	C:\Windows\system32\USERENV.dll
0x000007fefd2d0000 - 0x000007fefd2df000 	C:\Windows\system32\CRYPTBASE.dll
0x000007fefa020000 - 0x000007fefa031000 	C:\Windows\system32\dhcpcsvc6.DLL
0x000007fefa000000 - 0x000007fefa018000 	C:\Windows\system32\dhcpcsvc.DLL
0x000000005d940000 - 0x000000005d964000 	C:\1.8.0_45w64\jre\bin\sunec.dll
0x000007fefb8b0000 - 0x000007fefb9d5000 	C:\Windows\system32\dbghelp.dll

VM Arguments:
jvm_args: -agentlib:jdwp=transport=dt_socket,suspend=y,address=localhost:56065 -Dfile.encoding=UTF-8 
java_command: com.citi.ocean.restapi.service.VertxRunner
java_class_path (initial): C:\Users\hw72786\workspace\OceanWebService\install\classes;C:\Users\hw72786\.m2\repository\io\vertx\vertx-web\3.0.0\vertx-web-3.0.0.jar;C:\Users\hw72786\.m2\repository\io\vertx\vertx-core\3.0.0\vertx-core-3.0.0.jar;C:\Users\hw72786\.m2\repository\io\netty\netty-common\4.0.28.Final\netty-common-4.0.28.Final.jar;C:\Users\hw72786\.m2\repository\io\netty\netty-buffer\4.0.28.Final\netty-buffer-4.0.28.Final.jar;C:\Users\hw72786\.m2\repository\io\netty\netty-transport\4.0.28.Final\netty-transport-4.0.28.Final.jar;C:\Users\hw72786\.m2\repository\io\netty\netty-handler\4.0.28.Final\netty-handler-4.0.28.Final.jar;C:\Users\hw72786\.m2\repository\io\netty\netty-codec\4.0.28.Final\netty-codec-4.0.28.Final.jar;C:\Users\hw72786\.m2\repository\io\netty\netty-codec-http\4.0.28.Final\netty-codec-http-4.0.28.Final.jar;C:\Users\hw72786\.m2\repository\com\fasterxml\jackson\core\jackson-core\2.5.3\jackson-core-2.5.3.jar;C:\Users\hw72786\.m2\repository\com\fasterxml\jackson\core\jackson-databind\2.5.3\jackson-databind-2.5.3.jar;C:\Users\hw72786\.m2\repository\com\fasterxml\jackson\core\jackson-annotations\2.5.0\jackson-annotations-2.5.0.jar;C:\Users\hw72786\.m2\repository\io\vertx\vertx-auth-common\3.0.0\vertx-auth-common-3.0.0.jar;C:\Users\hw72786\.m2\repository\io\vertx\vertx-jdbc-client\3.0.0\vertx-jdbc-client-3.0.0.jar;C:\Users\hw72786\.m2\repository\io\vertx\vertx-sql-common\3.0.0\vertx-sql-common-3.0.0.jar;C:\Users\hw72786\.m2\repository\com\mchange\c3p0\0.9.5-pre10\c3p0-0.9.5-pre10.jar;C:\Users\hw72786\.m2\repository\com\mchange\mchange-commons-java\0.2.8\mchange-commons-java-0.2.8.jar;C:\Users\hw72786\.m2\repository\io\vertx\vertx-rx-java\3.0.0\vertx-rx-java-3.0.0.jar;C:\Users\hw72786\.m2\repository\io\reactivex\rxjava\1.0.8\rxjava-1.0.8.jar;C:\Users\hw72786\.m2\repository\log4j\log4j\1.2.17\log4j-1.2.17.jar;C:\Users\hw72786\workspace\OceanWebService\lib\nzjdbc.jar;C:\Users\hw72786\workspace\OceanWebService\lib\c.jar;C:\Users\hw72786\.m2\repository\jun
Launcher Type: SUN_STANDARD

Environment Variables:
JAVA_HOME=C:\Program Files (x86)\Java\jre1.7.0_75\bin
PATH=C:\1.8.0_45w64\jre\bin;C:/1.8.0_45w64/bin/../jre/bin/server;C:/1.8.0_45w64/bin/../jre/bin;C:/1.8.0_45w64/bin/../jre/lib/amd64;"C:\eclipse\apache-maven-3.3.3\bin";"C:\1.8.0_45w64\bin";C:\ProgramData\Oracle\Java\javapath;C:\Oracle\product\11.2.0.3_32\client\jdk\bin;C:\Oracle\product\11.2.0.3_32\Client\bin;C:\Windows\system32;C:\Windows;C:\Windows\System32\Wbem;C:\Windows\System32\WindowsPowerShell\v1.0\;C:\Program Files (x86)\Perforce;C:\Program Files (x86)\SSH Communications Security\SSH Tectia\SSH Tectia AUX;C:\Program Files (x86)\SSH Communications Security\SSH Tectia\SSH Tectia AUX\Support binaries;C:\Program Files (x86)\SSH Communications Security\SSH Tectia\SSH Tectia Broker;C:\Program Files (x86)\SSH Communications Security\SSH Tectia\SSH Tectia Client;c:\Program Files (x86)\Microsoft SQL Server\90\Tools\binn\;C:\Program Files (x86)\Common Files\ThinPrint\;C:\Program Files (x86)\WebEx\Productivity Tools;C:\Program Files (x86)\Windows Kits\8.1\Windows Performance Toolkit\;C:\Program Files\Microsoft SQL Server\110\Tools\Binn\;C:\eclipse;
USERNAME=hw72786
OS=Windows_NT
PROCESSOR_IDENTIFIER=Intel64 Family 6 Model 42 Stepping 7, GenuineIntel



---------------  S Y S T E M  ---------------

OS: Windows 7 , 64 bit Build 7601 (6.1.7601.18933)

CPU:total 4 (4 cores per cpu, 1 threads per core) family 6 model 42 stepping 7, cmov, cx8, fxsr, mmx, sse, sse2, sse3, ssse3, sse4.1, sse4.2, popcnt, avx, aes, clmul, tsc, tscinvbit

Memory: 4k page, physical 6248788k(2543504k free), swap 12495736k(7973888k free)

vm_info: Java HotSpot(TM) 64-Bit Server VM (25.45-b02) for windows-amd64 JRE (1.8.0_45-b15), built on Apr 30 2015 12:40:44 by "java_re" with MS VC++ 10.0 (VS2010)

time: Fri Oct 30 15:07:06 2015
elapsed time: 96 seconds (0d 0h 1m 36s)

